2015/11/15 21:59:15 にビルドを開始しました。
     1>ノード 2 上のプロジェクト "C:\Users\m_morise\World\platform\win\win\win.vcxproj" (Build ターゲット)。
     1>ClCompile:
         C:\Program Files (x86)\Microsoft Visual Studio 11.0\VC\bin\CL.exe /c /Zi /nologo /W3 /WX- /sdl /O2 /Oi /Oy- /GL /D _MBCS /Gm- /EHsc /MD /GS /Gy /fp:precise /Zc:wchar_t /Zc:forScope /Fo"Release\\" /Fd"Release\vc110.pdb" /Gd /TP /analyze- /errorReport:prompt ..\..\..\src\cheaptrick.cpp ..\..\..\src\common.cpp ..\..\..\src\d4c.cpp ..\..\..\src\dio.cpp ..\..\..\src\fft.cpp ..\..\..\src\matlabfunctions.cpp ..\..\..\src\stonemask.cpp ..\..\..\src\synthesis.cpp ..\..\..\test\test.cpp
         cheaptrick.cpp
         common.cpp
         d4c.cpp
         dio.cpp
         fft.cpp
         matlabfunctions.cpp
         stonemask.cpp
         synthesis.cpp
         test.cpp
       Link:
         C:\Program Files (x86)\Microsoft Visual Studio 11.0\VC\bin\link.exe /ERRORREPORT:PROMPT /OUT:"C:\Users\m_morise\World\platform\win\Release\win.exe" /NOLOGO kernel32.lib user32.lib gdi32.lib winspool.lib comdlg32.lib advapi32.lib shell32.lib ole32.lib oleaut32.lib uuid.lib odbc32.lib odbccp32.lib /MANIFEST /MANIFESTUAC:"level='asInvoker' uiAccess='false'" /manifest:embed /DEBUG /PDB:"C:\Users\m_morise\World\platform\win\Release\win.pdb" /OPT:REF /OPT:ICF /LTCG /TLBID:1 /DYNAMICBASE /NXCOMPAT /IMPLIB:"C:\Users\m_morise\World\platform\win\Release\win.lib" /MACHINE:X86 /SAFESEH Release\cheaptrick.obj
         Release\common.obj
         Release\d4c.obj
         Release\dio.obj
         Release\fft.obj
         Release\matlabfunctions.obj
         Release\stonemask.obj
         Release\synthesis.obj
         Release\test.obj
         コード生成しています。
         コード生成が終了しました。
         win.vcxproj -> C:\Users\m_morise\World\platform\win\Release\win.exe
     1>プロジェクト "C:\Users\m_morise\World\platform\win\win\win.vcxproj" (Build ターゲット) のビルドが完了しました。

ビルドに成功しました。

経過時間 00:00:01.54
